# JRE version: OpenJDK Runtime Environment Temurin-21.0.6+7 (21.0.6+7) (build 21.0.6+7-LTS)
# Java VM: OpenJDK 64-Bit Server VM Temurin-21.0.6+7 (21.0.6+7-LTS, mixed mode, sharing, tiered, compressed oops, compressed class ptrs, parallel gc, windows-amd64)
GC Precious Log:
 CardTable entry size: 512
 CPUs: 8 total, 8 available
 Memory: 16183M
 Large Page Support: Disabled
 NUMA Support: Disabled
 Compressed Oops: Enabled (32-bit)
 Alignments: Space 512K, Generation 512K, Heap 2M
 Heap Min Capacity: 100M
 Heap Initial Capacity: 100M
 Heap Max Capacity: 1G
 Pre-touch: Disabled
 Parallel Workers: 8
Heap:
 PSYoungGen      total 4096K, used 2414K [0x00000000eab00000, 0x00000000eb080000, 0x0000000100000000)
  eden space 3584K, 55% used [0x00000000eab00000,0x00000000eacf03f8,0x00000000eae80000)
  from space 512K, 100% used [0x00000000eaf00000,0x00000000eaf80000,0x00000000eaf80000)
  to   space 1024K, 0% used [0x00000000eaf80000,0x00000000eaf80000,0x00000000eb080000)
 ParOldGen       total 195072K, used 182782K [0x00000000c0000000, 0x00000000cbe80000, 0x00000000eab00000)
  object space 195072K, 93% used [0x00000000c0000000,0x00000000cb27f9e0,0x00000000cbe80000)
 Metaspace       used 59220K, committed 60480K, reserved 1114112K
  class space    used 6228K, committed 6784K, reserved 1048576K
GC Heap History (20 events):
Event: 87.717 GC heap before
{Heap before GC invocations=129 (full 3):
 PSYoungGen      total 4608K, used 4275K [0x00000000eab00000, 0x00000000eb080000, 0x0000000100000000)
  eden space 3584K, 100% used [0x00000000eab00000,0x00000000eae80000,0x00000000eae80000)
  from space 1024K, 67% used [0x00000000eae80000,0x00000000eaf2cf60,0x00000000eaf80000)
  to   space 1024K, 0% used [0x00000000eaf80000,0x00000000eaf80000,0x00000000eb080000)
 ParOldGen       total 195072K, used 175445K [0x00000000c0000000, 0x00000000cbe80000, 0x00000000eab00000)
  object space 195072K, 89% used [0x00000000c0000000,0x00000000cab554a0,0x00000000cbe80000)
 Metaspace       used 58834K, committed 60096K, reserved 1114112K
  class space    used 6210K, committed 6784K, reserved 1048576K
}
Event: 87.721 GC heap after
{Heap after GC invocations=129 (full 3):
 PSYoungGen      total 4608K, used 903K [0x00000000eab00000, 0x00000000eb080000, 0x0000000100000000)
  eden space 3584K, 0% used [0x00000000eab00000,0x00000000eab00000,0x00000000eae80000)
  from space 1024K, 88% used [0x00000000eaf80000,0x00000000eb061cd8,0x00000000eb080000)
  to   space 1024K, 0% used [0x00000000eae80000,0x00000000eae80000,0x00000000eaf80000)
 ParOldGen       total 195072K, used 176091K [0x00000000c0000000, 0x00000000cbe80000, 0x00000000eab00000)
  object space 195072K, 90% used [0x00000000c0000000,0x00000000cabf6f48,0x00000000cbe80000)
 Metaspace       used 58834K, committed 60096K, reserved 1114112K
  class space    used 6210K, committed 6784K, reserved 1048576K
}
Event: 87.742 GC heap before
{Heap before GC invocations=130 (full 3):
 PSYoungGen      total 4608K, used 4487K [0x00000000eab00000, 0x00000000eb080000, 0x0000000100000000)
  eden space 3584K, 100% used [0x00000000eab00000,0x00000000eae80000,0x00000000eae80000)
  from space 1024K, 88% used [0x00000000eaf80000,0x00000000eb061cd8,0x00000000eb080000)
  to   space 1024K, 0% used [0x00000000eae80000,0x00000000eae80000,0x00000000eaf80000)
 ParOldGen       total 195072K, used 176091K [0x00000000c0000000, 0x00000000cbe80000, 0x00000000eab00000)
  object space 195072K, 90% used [0x00000000c0000000,0x00000000cabf6f48,0x00000000cbe80000)
 Metaspace       used 58846K, committed 60096K, reserved 1114112K
  class space    used 6210K, committed 6784K, reserved 1048576K
}
Event: 87.744 GC heap after
{Heap after GC invocations=130 (full 3):
 PSYoungGen      total 4608K, used 914K [0x00000000eab00000, 0x00000000eb080000, 0x0000000100000000)
  eden space 3584K, 0% used [0x00000000eab00000,0x00000000eab00000,0x00000000eae80000)
  from space 1024K, 89% used [0x00000000eae80000,0x00000000eaf64880,0x00000000eaf80000)
  to   space 1024K, 0% used [0x00000000eaf80000,0x00000000eaf80000,0x00000000eb080000)
 ParOldGen       total 195072K, used 176832K [0x00000000c0000000, 0x00000000cbe80000, 0x00000000eab00000)
  object space 195072K, 90% used [0x00000000c0000000,0x00000000cacb02b0,0x00000000cbe80000)
 Metaspace       used 58846K, committed 60096K, reserved 1114112K
  class space    used 6210K, committed 6784K, reserved 1048576K
}
Event: 87.761 GC heap before
{Heap before GC invocations=131 (full 3):
 PSYoungGen      total 4608K, used 4480K [0x00000000eab00000, 0x00000000eb080000, 0x0000000100000000)
  eden space 3584K, 99% used [0x00000000eab00000,0x00000000eae7b968,0x00000000eae80000)
  from space 1024K, 89% used [0x00000000eae80000,0x00000000eaf64880,0x00000000eaf80000)
  to   space 1024K, 0% used [0x00000000eaf80000,0x00000000eaf80000,0x00000000eb080000)
 ParOldGen       total 195072K, used 176832K [0x00000000c0000000, 0x00000000cbe80000, 0x00000000eab00000)
  object space 195072K, 90% used [0x00000000c0000000,0x00000000cacb02b0,0x00000000cbe80000)
 Metaspace       used 58857K, committed 60096K, reserved 1114112K
  class space    used 6211K, committed 6784K, reserved 1048576K
}
Event: 87.763 GC heap after
{Heap after GC invocations=131 (full 3):
 PSYoungGen      total 4608K, used 754K [0x00000000eab00000, 0x00000000eb080000, 0x0000000100000000)
  eden space 3584K, 0% used [0x00000000eab00000,0x00000000eab00000,0x00000000eae80000)
  from space 1024K, 73% used [0x00000000eaf80000,0x00000000eb03cb70,0x00000000eb080000)
  to   space 1024K, 0% used [0x00000000eae80000,0x00000000eae80000,0x00000000eaf80000)
 ParOldGen       total 195072K, used 177582K [0x00000000c0000000, 0x00000000cbe80000, 0x00000000eab00000)
  object space 195072K, 91% used [0x00000000c0000000,0x00000000cad6b9a8,0x00000000cbe80000)
 Metaspace       used 58857K, committed 60096K, reserved 1114112K
  class space    used 6211K, committed 6784K, reserved 1048576K
}
Event: 87.785 GC heap before
{Heap before GC invocations=132 (full 3):
 PSYoungGen      total 4608K, used 4338K [0x00000000eab00000, 0x00000000eb080000, 0x0000000100000000)
  eden space 3584K, 100% used [0x00000000eab00000,0x00000000eae80000,0x00000000eae80000)
  from space 1024K, 73% used [0x00000000eaf80000,0x00000000eb03cb70,0x00000000eb080000)
  to   space 1024K, 0% used [0x00000000eae80000,0x00000000eae80000,0x00000000eaf80000)
 ParOldGen       total 195072K, used 177582K [0x00000000c0000000, 0x00000000cbe80000, 0x00000000eab00000)
  object space 195072K, 91% used [0x00000000c0000000,0x00000000cad6b9a8,0x00000000cbe80000)
 Metaspace       used 58887K, committed 60160K, reserved 1114112K
  class space    used 6215K, committed 6784K, reserved 1048576K
}
Event: 87.788 GC heap after
{Heap after GC invocations=132 (full 3):
 PSYoungGen      total 4608K, used 955K [0x00000000eab00000, 0x00000000eb080000, 0x0000000100000000)
  eden space 3584K, 0% used [0x00000000eab00000,0x00000000eab00000,0x00000000eae80000)
  from space 1024K, 93% used [0x00000000eae80000,0x00000000eaf6ecb8,0x00000000eaf80000)
  to   space 1024K, 0% used [0x00000000eaf80000,0x00000000eaf80000,0x00000000eb080000)
 ParOldGen       total 195072K, used 178205K [0x00000000c0000000, 0x00000000cbe80000, 0x00000000eab00000)
  object space 195072K, 91% used [0x00000000c0000000,0x00000000cae07690,0x00000000cbe80000)
 Metaspace       used 58887K, committed 60160K, reserved 1114112K
  class space    used 6215K, committed 6784K, reserved 1048576K
}
Event: 87.845 GC heap before
{Heap before GC invocations=133 (full 3):
 PSYoungGen      total 4608K, used 4539K [0x00000000eab00000, 0x00000000eb080000, 0x0000000100000000)
  eden space 3584K, 100% used [0x00000000eab00000,0x00000000eae80000,0x00000000eae80000)
  from space 1024K, 93% used [0x00000000eae80000,0x00000000eaf6ecb8,0x00000000eaf80000)
  to   space 1024K, 0% used [0x00000000eaf80000,0x00000000eaf80000,0x00000000eb080000)
 ParOldGen       total 195072K, used 178214K [0x00000000c0000000, 0x00000000cbe80000, 0x00000000eab00000)
  object space 195072K, 91% used [0x00000000c0000000,0x00000000cae09860,0x00000000cbe80000)
 Metaspace       used 58964K, committed 60224K, reserved 1114112K
  class space    used 6220K, committed 6784K, reserved 1048576K
}
Event: 87.848 GC heap after
{Heap after GC invocations=133 (full 3):
 PSYoungGen      total 4608K, used 980K [0x00000000eab00000, 0x00000000eb080000, 0x0000000100000000)
  eden space 3584K, 0% used [0x00000000eab00000,0x00000000eab00000,0x00000000eae80000)
  from space 1024K, 95% used [0x00000000eaf80000,0x00000000eb075388,0x00000000eb080000)
  to   space 1024K, 0% used [0x00000000eae80000,0x00000000eae80000,0x00000000eaf80000)
 ParOldGen       total 195072K, used 179008K [0x00000000c0000000, 0x00000000cbe80000, 0x00000000eab00000)
  object space 195072K, 91% used [0x00000000c0000000,0x00000000caed0220,0x00000000cbe80000)
 Metaspace       used 58964K, committed 60224K, reserved 1114112K
  class space    used 6220K, committed 6784K, reserved 1048576K
}
Event: 87.874 GC heap before
{Heap before GC invocations=134 (full 3):
 PSYoungGen      total 4608K, used 4564K [0x00000000eab00000, 0x00000000eb080000, 0x0000000100000000)
  eden space 3584K, 100% used [0x00000000eab00000,0x00000000eae80000,0x00000000eae80000)
  from space 1024K, 95% used [0x00000000eaf80000,0x00000000eb075388,0x00000000eb080000)
  to   space 1024K, 0% used [0x00000000eae80000,0x00000000eae80000,0x00000000eaf80000)
 ParOldGen       total 195072K, used 179011K [0x00000000c0000000, 0x00000000cbe80000, 0x00000000eab00000)
  object space 195072K, 91% used [0x00000000c0000000,0x00000000caed0ed0,0x00000000cbe80000)
 Metaspace       used 59067K, committed 60288K, reserved 1114112K
  class space    used 6222K, committed 6784K, reserved 1048576K
}
Event: 87.877 GC heap after
{Heap after GC invocations=134 (full 3):
 PSYoungGen      total 4608K, used 721K [0x00000000eab00000, 0x00000000eb080000, 0x0000000100000000)
  eden space 3584K, 0% used [0x00000000eab00000,0x00000000eab00000,0x00000000eae80000)
  from space 1024K, 70% used [0x00000000eae80000,0x00000000eaf347c8,0x00000000eaf80000)
  to   space 1024K, 0% used [0x00000000eaf80000,0x00000000eaf80000,0x00000000eb080000)
 ParOldGen       total 195072K, used 179832K [0x00000000c0000000, 0x00000000cbe80000, 0x00000000eab00000)
  object space 195072K, 92% used [0x00000000c0000000,0x00000000caf9e0e8,0x00000000cbe80000)
 Metaspace       used 59067K, committed 60288K, reserved 1114112K
  class space    used 6222K, committed 6784K, reserved 1048576K
}
Event: 87.903 GC heap before
{Heap before GC invocations=135 (full 3):
 PSYoungGen      total 4608K, used 4305K [0x00000000eab00000, 0x00000000eb080000, 0x0000000100000000)
  eden space 3584K, 100% used [0x00000000eab00000,0x00000000eae80000,0x00000000eae80000)
  from space 1024K, 70% used [0x00000000eae80000,0x00000000eaf347c8,0x00000000eaf80000)
  to   space 1024K, 0% used [0x00000000eaf80000,0x00000000eaf80000,0x00000000eb080000)
 ParOldGen       total 195072K, used 179832K [0x00000000c0000000, 0x00000000cbe80000, 0x00000000eab00000)
  object space 195072K, 92% used [0x00000000c0000000,0x00000000caf9e0e8,0x00000000cbe80000)
 Metaspace       used 59083K, committed 60352K, reserved 1114112K
  class space    used 6224K, committed 6784K, reserved 1048576K
}
Event: 87.906 GC heap after
{Heap after GC invocations=135 (full 3):
 PSYoungGen      total 4608K, used 899K [0x00000000eab00000, 0x00000000eb080000, 0x0000000100000000)
  eden space 3584K, 0% used [0x00000000eab00000,0x00000000eab00000,0x00000000eae80000)
  from space 1024K, 87% used [0x00000000eaf80000,0x00000000eb060ca0,0x00000000eb080000)
  to   space 1024K, 0% used [0x00000000eae80000,0x00000000eae80000,0x00000000eaf80000)
 ParOldGen       total 195072K, used 180408K [0x00000000c0000000, 0x00000000cbe80000, 0x00000000eab00000)
  object space 195072K, 92% used [0x00000000c0000000,0x00000000cb02e3d0,0x00000000cbe80000)
 Metaspace       used 59083K, committed 60352K, reserved 1114112K
  class space    used 6224K, committed 6784K, reserved 1048576K
}
Event: 87.955 GC heap before
{Heap before GC invocations=136 (full 3):
 PSYoungGen      total 4608K, used 4483K [0x00000000eab00000, 0x00000000eb080000, 0x0000000100000000)
  eden space 3584K, 99% used [0x00000000eab00000,0x00000000eae7fff8,0x00000000eae80000)
  from space 1024K, 87% used [0x00000000eaf80000,0x00000000eb060ca0,0x00000000eb080000)
  to   space 1024K, 0% used [0x00000000eae80000,0x00000000eae80000,0x00000000eaf80000)
 ParOldGen       total 195072K, used 180408K [0x00000000c0000000, 0x00000000cbe80000, 0x00000000eab00000)
  object space 195072K, 92% used [0x00000000c0000000,0x00000000cb02e3d0,0x00000000cbe80000)
 Metaspace       used 59114K, committed 60352K, reserved 1114112K
  class space    used 6226K, committed 6784K, reserved 1048576K
}
Event: 87.957 GC heap after
{Heap after GC invocations=136 (full 3):
 PSYoungGen      total 4608K, used 578K [0x00000000eab00000, 0x00000000eb080000, 0x0000000100000000)
  eden space 3584K, 0% used [0x00000000eab00000,0x00000000eab00000,0x00000000eae80000)
  from space 1024K, 56% used [0x00000000eae80000,0x00000000eaf10aa0,0x00000000eaf80000)
  to   space 1024K, 0% used [0x00000000eaf80000,0x00000000eaf80000,0x00000000eb080000)
 ParOldGen       total 195072K, used 181190K [0x00000000c0000000, 0x00000000cbe80000, 0x00000000eab00000)
  object space 195072K, 92% used [0x00000000c0000000,0x00000000cb0f1bf0,0x00000000cbe80000)
 Metaspace       used 59114K, committed 60352K, reserved 1114112K
  class space    used 6226K, committed 6784K, reserved 1048576K
}
Event: 88.087 GC heap before
{Heap before GC invocations=137 (full 3):
 PSYoungGen      total 4608K, used 4162K [0x00000000eab00000, 0x00000000eb080000, 0x0000000100000000)
  eden space 3584K, 100% used [0x00000000eab00000,0x00000000eae80000,0x00000000eae80000)
  from space 1024K, 56% used [0x00000000eae80000,0x00000000eaf10aa0,0x00000000eaf80000)
  to   space 1024K, 0% used [0x00000000eaf80000,0x00000000eaf80000,0x00000000eb080000)
 ParOldGen       total 195072K, used 181190K [0x00000000c0000000, 0x00000000cbe80000, 0x00000000eab00000)
  object space 195072K, 92% used [0x00000000c0000000,0x00000000cb0f1bf0,0x00000000cbe80000)
 Metaspace       used 59156K, committed 60480K, reserved 1114112K
  class space    used 6226K, committed 6784K, reserved 1048576K
}
Event: 88.090 GC heap after
{Heap after GC invocations=137 (full 3):
 PSYoungGen      total 4608K, used 573K [0x00000000eab00000, 0x00000000eb080000, 0x0000000100000000)
  eden space 3584K, 0% used [0x00000000eab00000,0x00000000eab00000,0x00000000eae80000)
  from space 1024K, 56% used [0x00000000eaf80000,0x00000000eb00f738,0x00000000eb080000)
  to   space 1024K, 0% used [0x00000000eae80000,0x00000000eae80000,0x00000000eaf80000)
 ParOldGen       total 195072K, used 181663K [0x00000000c0000000, 0x00000000cbe80000, 0x00000000eab00000)
  object space 195072K, 93% used [0x00000000c0000000,0x00000000cb167ee8,0x00000000cbe80000)
 Metaspace       used 59156K, committed 60480K, reserved 1114112K
  class space    used 6226K, committed 6784K, reserved 1048576K
}
Event: 88.537 GC heap before
{Heap before GC invocations=138 (full 3):
 PSYoungGen      total 4608K, used 4157K [0x00000000eab00000, 0x00000000eb080000, 0x0000000100000000)
  eden space 3584K, 100% used [0x00000000eab00000,0x00000000eae80000,0x00000000eae80000)
  from space 1024K, 56% used [0x00000000eaf80000,0x00000000eb00f738,0x00000000eb080000)
  to   space 1024K, 0% used [0x00000000eae80000,0x00000000eae80000,0x00000000eaf80000)
 ParOldGen       total 195072K, used 181663K [0x00000000c0000000, 0x00000000cbe80000, 0x00000000eab00000)
  object space 195072K, 93% used [0x00000000c0000000,0x00000000cb167ee8,0x00000000cbe80000)
 Metaspace       used 59173K, committed 60480K, reserved 1114112K
  class space    used 6227K, committed 6784K, reserved 1048576K
}
Event: 88.539 GC heap after
{Heap after GC invocations=138 (full 3):
 PSYoungGen      total 4608K, used 523K [0x00000000eab00000, 0x00000000eb080000, 0x0000000100000000)
  eden space 3584K, 0% used [0x00000000eab00000,0x00000000eab00000,0x00000000eae80000)
  from space 1024K, 51% used [0x00000000eae80000,0x00000000eaf02df8,0x00000000eaf80000)
  to   space 1024K, 0% used [0x00000000eaf80000,0x00000000eaf80000,0x00000000eb080000)
 ParOldGen       total 195072K, used 182071K [0x00000000c0000000, 0x00000000cbe80000, 0x00000000eab00000)
  object space 195072K, 93% used [0x00000000c0000000,0x00000000cb1cdc18,0x00000000cbe80000)
 Metaspace       used 59173K, committed 60480K, reserved 1114112K
  class space    used 6227K, committed 6784K, reserved 1048576K
}

